빌드 시작: 2020-06-27 오후 6:33:46
     1>2 노드의 "D:\Project\C++\New\mll\mll\mll.vcxproj" 프로젝트(Rebuild 대상)입니다.
     1>ClCompile:
         C:\Program Files (x86)\Microsoft Visual Studio 11.0\VC\bin\CL.exe /c /I..\mll /Z7 /nologo /W3 /WX- /sdl /O2 /Oi /Oy- /GL /D WIN32 /D NDEBUG /D _LIB /D _UNICODE /D UNICODE /Gm- /EHsc /MD /GS /Gy /fp:precise /Zc:wchar_t /Zc:forScope /Yc"stdafx.h" /Fp"Release-MD\mll.pch" /Fo"Release-MD\\" /Fd"Release-MD\vc110.pdb" /Gd /TP /analyze- /errorReport:prompt stdafx.cpp
         stdafx.cpp
         C:\Program Files (x86)\Microsoft Visual Studio 11.0\VC\bin\CL.exe /c /I..\mll /Z7 /nologo /W3 /WX- /sdl /O2 /Oi /Oy- /GL /D WIN32 /D NDEBUG /D _LIB /D _UNICODE /D UNICODE /Gm- /EHsc /MD /GS /Gy /fp:precise /Zc:wchar_t /Zc:forScope /Yu"stdafx.h" /Fp"Release-MD\mll.pch" /Fo"Release-MD\\" /Fd"Release-MD\vc110.pdb" /Gd /TP /analyze- /errorReport:prompt DistanceMeasure.cpp KNearestNeighbor.cpp Mllclassifier.cpp Mlldataset.cpp Mllutility.cpp
         DistanceMeasure.cpp
         KNearestNeighbor.cpp
         Mllclassifier.cpp
         Mlldataset.cpp
         Mllutility.cpp
       Lib:
         C:\Program Files (x86)\Microsoft Visual Studio 11.0\VC\bin\Lib.exe /OUT:"D:\Project\C++\New\mll\Release-MD\mll.lib" nml.lib /LIBPATH:"..\Release-MD" /NOLOGO /LTCG "Release-MD\DistanceMeasure.obj"
         "Release-MD\KNearestNeighbor.obj"
         "Release-MD\Mllclassifier.obj"
         "Release-MD\Mlldataset.obj"
         "Release-MD\Mllutility.obj"
         "Release-MD\stdafx.obj"
         Release-MD\stdafx.obj을(를) 바꾸고 있습니다.
         mll.vcxproj -> D:\Project\C++\New\mll\Release-MD\mll.lib
     1>"D:\Project\C++\New\mll\mll\mll.vcxproj" 프로젝트를 빌드했습니다(Rebuild 대상).

빌드했습니다.

경과 시간: 00:00:01.25
