D:\PROJECT\C++\NEW\MLL\PROGRAM\DEBUG-MDD\PROGRAM.PCH
D:\PROJECT\C++\NEW\MLL\PROGRAM\DEBUG-MDD\STDAFX.OBJ
D:\PROJECT\C++\NEW\MLL\PROGRAM\DEBUG-MDD\VC110.PDB
D:\PROJECT\C++\NEW\MLL\PROGRAM\DEBUG-MDD\PROGRAM.OBJ
D:\PROJECT\C++\NEW\MLL\DEBUG-MDD\PROGRAM.ILK
D:\PROJECT\C++\NEW\MLL\DEBUG-MDD\PROGRAM.EXE
D:\PROJECT\C++\NEW\MLL\DEBUG-MDD\PROGRAM.PDB
D:\Project\C++\New\mll\Program\Debug-MDd\Program.obj
D:\Project\C++\New\mll\Program\Debug-MDd\stdafx.obj
D:\Project\C++\New\mll\Program\Debug-MDd\cl.command.1.tlog
D:\Project\C++\New\mll\Program\Debug-MDd\CL.read.1.tlog
D:\Project\C++\New\mll\Program\Debug-MDd\CL.write.1.tlog
D:\Project\C++\New\mll\Program\Debug-MDd\link-cvtres.read.1.tlog
D:\Project\C++\New\mll\Program\Debug-MDd\link-cvtres.write.1.tlog
D:\Project\C++\New\mll\Program\Debug-MDd\link-rc.read.1.tlog
D:\Project\C++\New\mll\Program\Debug-MDd\link-rc.write.1.tlog
D:\Project\C++\New\mll\Program\Debug-MDd\link.7756-cvtres.read.1.tlog
D:\Project\C++\New\mll\Program\Debug-MDd\link.7756-cvtres.write.1.tlog
D:\Project\C++\New\mll\Program\Debug-MDd\link.7756-rc.read.1.tlog
D:\Project\C++\New\mll\Program\Debug-MDd\link.7756-rc.write.1.tlog
D:\Project\C++\New\mll\Program\Debug-MDd\link.7756.read.1.tlog
D:\Project\C++\New\mll\Program\Debug-MDd\link.7756.write.1.tlog
D:\Project\C++\New\mll\Program\Debug-MDd\link.command.1.tlog
D:\Project\C++\New\mll\Program\Debug-MDd\link.read.1.tlog
D:\Project\C++\New\mll\Program\Debug-MDd\link.write.1.tlog
D:\Project\C++\New\mll\Program\Debug-MDd\Program.pch
D:\Project\C++\New\mll\Program\Debug-MDd\vc110.idb
D:\Project\C++\New\mll\Program\Debug-MDd\vc110.pdb
D:\Project\C++\New\mll\Debug-MDd\Program.pdb
D:\Project\C++\New\mll\Debug-MDd\Program.exe
D:\Project\C++\New\mll\Debug-MDd\Program.ilk
