C:\USERS\GLEN\DESKTOP\TEMPORARY\PROJECT\C++\NEW\MLL\MLL\DEBUG-MDD\MLL.PCH
C:\USERS\GLEN\DESKTOP\TEMPORARY\PROJECT\C++\NEW\MLL\MLL\DEBUG-MDD\STDAFX.OBJ
C:\USERS\GLEN\DESKTOP\TEMPORARY\PROJECT\C++\NEW\MLL\MLL\DEBUG-MDD\MLLUTILITY.OBJ
C:\USERS\GLEN\DESKTOP\TEMPORARY\PROJECT\C++\NEW\MLL\MLL\DEBUG-MDD\MLLDATASET.OBJ
C:\USERS\GLEN\DESKTOP\TEMPORARY\PROJECT\C++\NEW\MLL\MLL\DEBUG-MDD\MLLCLASSIFIER.OBJ
C:\USERS\GLEN\DESKTOP\TEMPORARY\PROJECT\C++\NEW\MLL\MLL\DEBUG-MDD\KNEARESTNEIGHBOR.OBJ
C:\USERS\GLEN\DESKTOP\TEMPORARY\PROJECT\C++\NEW\MLL\MLL\DEBUG-MDD\DISTANCEMEASURE.OBJ
C:\USERS\GLEN\DESKTOP\TEMPORARY\PROJECT\C++\NEW\MLL\DEBUG-MDD\MLL.LIB
C:\Users\Glen\Desktop\Temporary\Project\C++\New\mll\mll\Debug-MDd\DistanceMeasure.obj
C:\Users\Glen\Desktop\Temporary\Project\C++\New\mll\mll\Debug-MDd\KNearestNeighbor.obj
C:\Users\Glen\Desktop\Temporary\Project\C++\New\mll\mll\Debug-MDd\Mllclassifier.obj
C:\Users\Glen\Desktop\Temporary\Project\C++\New\mll\mll\Debug-MDd\Mlldataset.obj
C:\Users\Glen\Desktop\Temporary\Project\C++\New\mll\mll\Debug-MDd\Mllutility.obj
C:\Users\Glen\Desktop\Temporary\Project\C++\New\mll\mll\Debug-MDd\stdafx.obj
C:\Users\Glen\Desktop\Temporary\Project\C++\New\mll\mll\Debug-MDd\cl.command.1.tlog
C:\Users\Glen\Desktop\Temporary\Project\C++\New\mll\mll\Debug-MDd\CL.read.1.tlog
C:\Users\Glen\Desktop\Temporary\Project\C++\New\mll\mll\Debug-MDd\CL.write.1.tlog
C:\Users\Glen\Desktop\Temporary\Project\C++\New\mll\mll\Debug-MDd\Lib-link.read.1.tlog
C:\Users\Glen\Desktop\Temporary\Project\C++\New\mll\mll\Debug-MDd\Lib-link.write.1.tlog
C:\Users\Glen\Desktop\Temporary\Project\C++\New\mll\mll\Debug-MDd\lib.command.1.tlog
C:\Users\Glen\Desktop\Temporary\Project\C++\New\mll\mll\Debug-MDd\mll.pch
C:\Users\Glen\Desktop\Temporary\Project\C++\New\mll\Debug-MDd\mll.lib
