C:\USERS\GLEN\DESKTOP\TEMPORARY\PROJECT\C++\NEW\MLL\MLL\DEBUG-MTD\MLL.PCH
C:\USERS\GLEN\DESKTOP\TEMPORARY\PROJECT\C++\NEW\MLL\MLL\DEBUG-MTD\STDAFX.OBJ
C:\USERS\GLEN\DESKTOP\TEMPORARY\PROJECT\C++\NEW\MLL\MLL\DEBUG-MTD\MLLUTILITY.OBJ
C:\USERS\GLEN\DESKTOP\TEMPORARY\PROJECT\C++\NEW\MLL\MLL\DEBUG-MTD\MLLDATASET.OBJ
C:\USERS\GLEN\DESKTOP\TEMPORARY\PROJECT\C++\NEW\MLL\MLL\DEBUG-MTD\MLLCLASSIFIER.OBJ
C:\USERS\GLEN\DESKTOP\TEMPORARY\PROJECT\C++\NEW\MLL\MLL\DEBUG-MTD\KNEARESTNEIGHBOR.OBJ
C:\USERS\GLEN\DESKTOP\TEMPORARY\PROJECT\C++\NEW\MLL\MLL\DEBUG-MTD\DISTANCEMEASURE.OBJ
C:\USERS\GLEN\DESKTOP\TEMPORARY\PROJECT\C++\NEW\MLL\DEBUG-MTD\MLL.LIB
D:\Project\C++\New\mll\mll\Debug-MTd\DistanceMeasure.obj
D:\Project\C++\New\mll\mll\Debug-MTd\KNearestNeighbor.obj
D:\Project\C++\New\mll\mll\Debug-MTd\Mllclassifier.obj
D:\Project\C++\New\mll\mll\Debug-MTd\Mlldataset.obj
D:\Project\C++\New\mll\mll\Debug-MTd\Mllutility.obj
D:\Project\C++\New\mll\mll\Debug-MTd\stdafx.obj
D:\Project\C++\New\mll\mll\Debug-MTd\cl.command.1.tlog
D:\Project\C++\New\mll\mll\Debug-MTd\CL.read.1.tlog
D:\Project\C++\New\mll\mll\Debug-MTd\CL.write.1.tlog
D:\Project\C++\New\mll\mll\Debug-MTd\Lib-link.read.1.tlog
D:\Project\C++\New\mll\mll\Debug-MTd\Lib-link.write.1.tlog
D:\Project\C++\New\mll\mll\Debug-MTd\lib.command.1.tlog
D:\Project\C++\New\mll\mll\Debug-MTd\mll.pch
D:\Project\C++\New\mll\Debug-MTd\mll.lib
