D:\PROJECT\C++\NEW\MLL\MLL\X64\RELEASE-MD\MLL.PCH
D:\PROJECT\C++\NEW\MLL\MLL\X64\RELEASE-MD\STDAFX.OBJ
D:\PROJECT\C++\NEW\MLL\MLL\X64\RELEASE-MD\MLLUTILITY.OBJ
D:\PROJECT\C++\NEW\MLL\MLL\X64\RELEASE-MD\MLLDATASET.OBJ
D:\PROJECT\C++\NEW\MLL\MLL\X64\RELEASE-MD\MLLCLASSIFIER.OBJ
D:\PROJECT\C++\NEW\MLL\MLL\X64\RELEASE-MD\KNEARESTNEIGHBOR.OBJ
D:\PROJECT\C++\NEW\MLL\MLL\X64\RELEASE-MD\DISTANCEMEASURE.OBJ
D:\PROJECT\C++\NEW\MLL\X64\RELEASE-MD\MLL.LIB
D:\Project\C++\online\mll\mll\x64\Release-MD\DistanceMeasure.obj
D:\Project\C++\online\mll\mll\x64\Release-MD\KNearestNeighbor.obj
D:\Project\C++\online\mll\mll\x64\Release-MD\Mllclassifier.obj
D:\Project\C++\online\mll\mll\x64\Release-MD\Mlldataset.obj
D:\Project\C++\online\mll\mll\x64\Release-MD\Mllutility.obj
D:\Project\C++\online\mll\mll\x64\Release-MD\stdafx.obj
D:\Project\C++\online\mll\mll\x64\Release-MD\cl.command.1.tlog
D:\Project\C++\online\mll\mll\x64\Release-MD\CL.read.1.tlog
D:\Project\C++\online\mll\mll\x64\Release-MD\CL.write.1.tlog
D:\Project\C++\online\mll\mll\x64\Release-MD\Lib-link.read.1.tlog
D:\Project\C++\online\mll\mll\x64\Release-MD\Lib-link.write.1.tlog
D:\Project\C++\online\mll\mll\x64\Release-MD\lib.command.1.tlog
D:\Project\C++\online\mll\mll\x64\Release-MD\mll.pch
D:\Project\C++\online\mll\x64\Release-MD\mll.lib
