C:\USERS\GLEN\DESKTOP\TEMPORARY\PROJECT\C++\NEW\MLL\PROGRAM\DEBUG-MTD\PROGRAM.PCH
C:\USERS\GLEN\DESKTOP\TEMPORARY\PROJECT\C++\NEW\MLL\PROGRAM\DEBUG-MTD\STDAFX.OBJ
C:\USERS\GLEN\DESKTOP\TEMPORARY\PROJECT\C++\NEW\MLL\PROGRAM\DEBUG-MTD\VC110.PDB
C:\USERS\GLEN\DESKTOP\TEMPORARY\PROJECT\C++\NEW\MLL\PROGRAM\DEBUG-MTD\PROGRAM.OBJ
C:\USERS\GLEN\DESKTOP\TEMPORARY\PROJECT\C++\NEW\MLL\DEBUG-MTD\PROGRAM.ILK
C:\USERS\GLEN\DESKTOP\TEMPORARY\PROJECT\C++\NEW\MLL\DEBUG-MTD\PROGRAM.EXE
C:\USERS\GLEN\DESKTOP\TEMPORARY\PROJECT\C++\NEW\MLL\DEBUG-MTD\PROGRAM.PDB
D:\Project\C++\New\mll\Program\Debug-MTd\Program.obj
D:\Project\C++\New\mll\Program\Debug-MTd\stdafx.obj
D:\Project\C++\New\mll\Program\Debug-MTd\cl.command.1.tlog
D:\Project\C++\New\mll\Program\Debug-MTd\CL.read.1.tlog
D:\Project\C++\New\mll\Program\Debug-MTd\CL.write.1.tlog
D:\Project\C++\New\mll\Program\Debug-MTd\link-cvtres.read.1.tlog
D:\Project\C++\New\mll\Program\Debug-MTd\link-cvtres.write.1.tlog
D:\Project\C++\New\mll\Program\Debug-MTd\link-rc.read.1.tlog
D:\Project\C++\New\mll\Program\Debug-MTd\link-rc.write.1.tlog
D:\Project\C++\New\mll\Program\Debug-MTd\link.command.1.tlog
D:\Project\C++\New\mll\Program\Debug-MTd\link.read.1.tlog
D:\Project\C++\New\mll\Program\Debug-MTd\link.write.1.tlog
D:\Project\C++\New\mll\Program\Debug-MTd\Program.pch
D:\Project\C++\New\mll\Program\Debug-MTd\vc110.idb
D:\Project\C++\New\mll\Program\Debug-MTd\vc110.pdb
D:\Project\C++\New\mll\Debug-MTd\Program.pdb
D:\Project\C++\New\mll\Debug-MTd\Program.exe
D:\Project\C++\New\mll\Debug-MTd\Program.ilk
