C:\USERS\GLEN\DESKTOP\TEMPORARY\PROJECT\C++\NEW\MLL\MLL\X64\RELEASE-MT\MLL.PCH
C:\USERS\GLEN\DESKTOP\TEMPORARY\PROJECT\C++\NEW\MLL\MLL\X64\RELEASE-MT\STDAFX.OBJ
C:\USERS\GLEN\DESKTOP\TEMPORARY\PROJECT\C++\NEW\MLL\MLL\X64\RELEASE-MT\MLLUTILITY.OBJ
C:\USERS\GLEN\DESKTOP\TEMPORARY\PROJECT\C++\NEW\MLL\MLL\X64\RELEASE-MT\MLLDATASET.OBJ
C:\USERS\GLEN\DESKTOP\TEMPORARY\PROJECT\C++\NEW\MLL\MLL\X64\RELEASE-MT\MLLCLASSIFIER.OBJ
C:\USERS\GLEN\DESKTOP\TEMPORARY\PROJECT\C++\NEW\MLL\MLL\X64\RELEASE-MT\KNEARESTNEIGHBOR.OBJ
C:\USERS\GLEN\DESKTOP\TEMPORARY\PROJECT\C++\NEW\MLL\MLL\X64\RELEASE-MT\DISTANCEMEASURE.OBJ
C:\USERS\GLEN\DESKTOP\TEMPORARY\PROJECT\C++\NEW\MLL\X64\RELEASE-MT\MLL.LIB
C:\Users\Glen\Desktop\Temporary\Project\C++\New\mll\mll\x64\Release-MT\DistanceMeasure.obj
C:\Users\Glen\Desktop\Temporary\Project\C++\New\mll\mll\x64\Release-MT\KNearestNeighbor.obj
C:\Users\Glen\Desktop\Temporary\Project\C++\New\mll\mll\x64\Release-MT\Mllclassifier.obj
C:\Users\Glen\Desktop\Temporary\Project\C++\New\mll\mll\x64\Release-MT\Mlldataset.obj
C:\Users\Glen\Desktop\Temporary\Project\C++\New\mll\mll\x64\Release-MT\Mllutility.obj
C:\Users\Glen\Desktop\Temporary\Project\C++\New\mll\mll\x64\Release-MT\stdafx.obj
C:\Users\Glen\Desktop\Temporary\Project\C++\New\mll\mll\x64\Release-MT\cl.command.1.tlog
C:\Users\Glen\Desktop\Temporary\Project\C++\New\mll\mll\x64\Release-MT\CL.read.1.tlog
C:\Users\Glen\Desktop\Temporary\Project\C++\New\mll\mll\x64\Release-MT\CL.write.1.tlog
C:\Users\Glen\Desktop\Temporary\Project\C++\New\mll\mll\x64\Release-MT\Lib-link.read.1.tlog
C:\Users\Glen\Desktop\Temporary\Project\C++\New\mll\mll\x64\Release-MT\Lib-link.write.1.tlog
C:\Users\Glen\Desktop\Temporary\Project\C++\New\mll\mll\x64\Release-MT\lib.command.1.tlog
C:\Users\Glen\Desktop\Temporary\Project\C++\New\mll\mll\x64\Release-MT\mll.pch
C:\Users\Glen\Desktop\Temporary\Project\C++\New\mll\x64\Release-MT\mll.lib
