C:\USERS\GLEN\DESKTOP\TEMPORARY\PROJECT\C++\NEW\MLL\MLL\X64\RELEASE-MD\MLL.PCH
C:\USERS\GLEN\DESKTOP\TEMPORARY\PROJECT\C++\NEW\MLL\MLL\X64\RELEASE-MD\STDAFX.OBJ
C:\USERS\GLEN\DESKTOP\TEMPORARY\PROJECT\C++\NEW\MLL\MLL\X64\RELEASE-MD\MLLUTILITY.OBJ
C:\USERS\GLEN\DESKTOP\TEMPORARY\PROJECT\C++\NEW\MLL\MLL\X64\RELEASE-MD\MLLDATASET.OBJ
C:\USERS\GLEN\DESKTOP\TEMPORARY\PROJECT\C++\NEW\MLL\MLL\X64\RELEASE-MD\MLLCLASSIFIER.OBJ
C:\USERS\GLEN\DESKTOP\TEMPORARY\PROJECT\C++\NEW\MLL\MLL\X64\RELEASE-MD\KNEARESTNEIGHBOR.OBJ
C:\USERS\GLEN\DESKTOP\TEMPORARY\PROJECT\C++\NEW\MLL\MLL\X64\RELEASE-MD\DISTANCEMEASURE.OBJ
C:\USERS\GLEN\DESKTOP\TEMPORARY\PROJECT\C++\NEW\MLL\X64\RELEASE-MD\MLL.LIB
C:\Users\Glen\Desktop\Temporary\Project\C++\New\mll\mll\x64\Release-MD\DistanceMeasure.obj
C:\Users\Glen\Desktop\Temporary\Project\C++\New\mll\mll\x64\Release-MD\KNearestNeighbor.obj
C:\Users\Glen\Desktop\Temporary\Project\C++\New\mll\mll\x64\Release-MD\Mllclassifier.obj
C:\Users\Glen\Desktop\Temporary\Project\C++\New\mll\mll\x64\Release-MD\Mlldataset.obj
C:\Users\Glen\Desktop\Temporary\Project\C++\New\mll\mll\x64\Release-MD\Mllutility.obj
C:\Users\Glen\Desktop\Temporary\Project\C++\New\mll\mll\x64\Release-MD\stdafx.obj
C:\Users\Glen\Desktop\Temporary\Project\C++\New\mll\mll\x64\Release-MD\cl.command.1.tlog
C:\Users\Glen\Desktop\Temporary\Project\C++\New\mll\mll\x64\Release-MD\CL.read.1.tlog
C:\Users\Glen\Desktop\Temporary\Project\C++\New\mll\mll\x64\Release-MD\CL.write.1.tlog
C:\Users\Glen\Desktop\Temporary\Project\C++\New\mll\mll\x64\Release-MD\Lib-link.read.1.tlog
C:\Users\Glen\Desktop\Temporary\Project\C++\New\mll\mll\x64\Release-MD\Lib-link.write.1.tlog
C:\Users\Glen\Desktop\Temporary\Project\C++\New\mll\mll\x64\Release-MD\lib.command.1.tlog
C:\Users\Glen\Desktop\Temporary\Project\C++\New\mll\mll\x64\Release-MD\mll.pch
C:\Users\Glen\Desktop\Temporary\Project\C++\New\mll\x64\Release-MD\mll.lib
