D:\PROJECT\C++\NEW\MLL\MLL\DEBUG-MDD\MLL.PCH
D:\PROJECT\C++\NEW\MLL\MLL\DEBUG-MDD\STDAFX.OBJ
D:\PROJECT\C++\NEW\MLL\MLL\DEBUG-MDD\MLLUTILITY.OBJ
D:\PROJECT\C++\NEW\MLL\MLL\DEBUG-MDD\MLLDATASET.OBJ
D:\PROJECT\C++\NEW\MLL\MLL\DEBUG-MDD\MLLCLASSIFIER.OBJ
D:\PROJECT\C++\NEW\MLL\MLL\DEBUG-MDD\DISTANCEMEASURE.OBJ
D:\PROJECT\C++\NEW\MLL\MLL\DEBUG-MDD\KNEARESTNEIGHBOR.OBJ
D:\PROJECT\C++\NEW\MLL\DEBUG-MDD\MLL.LIB
D:\Project\C++\New\mll\mll\Debug-MDd\DistanceMeasure.obj
D:\Project\C++\New\mll\mll\Debug-MDd\KNearestNeighbor.obj
D:\Project\C++\New\mll\mll\Debug-MDd\Mllclassifier.obj
D:\Project\C++\New\mll\mll\Debug-MDd\Mlldataset.obj
D:\Project\C++\New\mll\mll\Debug-MDd\Mllutility.obj
D:\Project\C++\New\mll\mll\Debug-MDd\stdafx.obj
D:\Project\C++\New\mll\mll\Debug-MDd\cl.command.1.tlog
D:\Project\C++\New\mll\mll\Debug-MDd\CL.read.1.tlog
D:\Project\C++\New\mll\mll\Debug-MDd\CL.write.1.tlog
D:\Project\C++\New\mll\mll\Debug-MDd\Lib-link.read.1.tlog
D:\Project\C++\New\mll\mll\Debug-MDd\Lib-link.write.1.tlog
D:\Project\C++\New\mll\mll\Debug-MDd\lib.command.1.tlog
D:\Project\C++\New\mll\mll\Debug-MDd\mll.pch
D:\Project\C++\New\mll\Debug-MDd\mll.lib
