D:\PROJECT\C++\NEW\MLL\PROGRAM\X64\RELEASE-MD\PROGRAM.PCH
D:\PROJECT\C++\NEW\MLL\PROGRAM\X64\RELEASE-MD\STDAFX.OBJ
D:\PROJECT\C++\NEW\MLL\PROGRAM\X64\RELEASE-MD\VC110.PDB
D:\PROJECT\C++\NEW\MLL\PROGRAM\X64\RELEASE-MD\PROGRAM.OBJ
D:\PROJECT\C++\NEW\MLL\X64\RELEASE-MD\PROGRAM.EXE
D:\PROJECT\C++\NEW\MLL\X64\RELEASE-MD\PROGRAM.PDB
D:\Project\C++\online\mll\Program\x64\Release-MD\Program.obj
D:\Project\C++\online\mll\Program\x64\Release-MD\stdafx.obj
D:\Project\C++\online\mll\Program\x64\Release-MD\cl.command.1.tlog
D:\Project\C++\online\mll\Program\x64\Release-MD\CL.read.1.tlog
D:\Project\C++\online\mll\Program\x64\Release-MD\CL.write.1.tlog
D:\Project\C++\online\mll\Program\x64\Release-MD\link-cvtres.read.1.tlog
D:\Project\C++\online\mll\Program\x64\Release-MD\link-cvtres.write.1.tlog
D:\Project\C++\online\mll\Program\x64\Release-MD\link-rc.read.1.tlog
D:\Project\C++\online\mll\Program\x64\Release-MD\link-rc.write.1.tlog
D:\Project\C++\online\mll\Program\x64\Release-MD\link.command.1.tlog
D:\Project\C++\online\mll\Program\x64\Release-MD\link.read.1.tlog
D:\Project\C++\online\mll\Program\x64\Release-MD\link.write.1.tlog
D:\Project\C++\online\mll\Program\x64\Release-MD\Program.pch
D:\Project\C++\online\mll\Program\x64\Release-MD\vc110.pdb
D:\Project\C++\online\mll\x64\Release-MD\Program.pdb
D:\Project\C++\online\mll\x64\Release-MD\Program.exe
