C:\USERS\GLEN\DESKTOP\TEMPORARY\PROJECT\C++\NEW\MLL\MLL\RELEASE-MT\MLL.PCH
C:\USERS\GLEN\DESKTOP\TEMPORARY\PROJECT\C++\NEW\MLL\MLL\RELEASE-MT\STDAFX.OBJ
C:\USERS\GLEN\DESKTOP\TEMPORARY\PROJECT\C++\NEW\MLL\MLL\RELEASE-MT\MLLUTILITY.OBJ
C:\USERS\GLEN\DESKTOP\TEMPORARY\PROJECT\C++\NEW\MLL\MLL\RELEASE-MT\MLLDATASET.OBJ
C:\USERS\GLEN\DESKTOP\TEMPORARY\PROJECT\C++\NEW\MLL\MLL\RELEASE-MT\MLLCLASSIFIER.OBJ
C:\USERS\GLEN\DESKTOP\TEMPORARY\PROJECT\C++\NEW\MLL\MLL\RELEASE-MT\KNEARESTNEIGHBOR.OBJ
C:\USERS\GLEN\DESKTOP\TEMPORARY\PROJECT\C++\NEW\MLL\MLL\RELEASE-MT\DISTANCEMEASURE.OBJ
C:\USERS\GLEN\DESKTOP\TEMPORARY\PROJECT\C++\NEW\MLL\RELEASE-MT\MLL.LIB
D:\Project\C++\New\mll\mll\Release-MT\DistanceMeasure.obj
D:\Project\C++\New\mll\mll\Release-MT\KNearestNeighbor.obj
D:\Project\C++\New\mll\mll\Release-MT\Mllclassifier.obj
D:\Project\C++\New\mll\mll\Release-MT\Mlldataset.obj
D:\Project\C++\New\mll\mll\Release-MT\Mllutility.obj
D:\Project\C++\New\mll\mll\Release-MT\stdafx.obj
D:\Project\C++\New\mll\mll\Release-MT\cl.command.1.tlog
D:\Project\C++\New\mll\mll\Release-MT\CL.read.1.tlog
D:\Project\C++\New\mll\mll\Release-MT\CL.write.1.tlog
D:\Project\C++\New\mll\mll\Release-MT\Lib-link.read.1.tlog
D:\Project\C++\New\mll\mll\Release-MT\Lib-link.write.1.tlog
D:\Project\C++\New\mll\mll\Release-MT\lib.command.1.tlog
D:\Project\C++\New\mll\mll\Release-MT\mll.pch
D:\Project\C++\New\mll\Release-MT\mll.lib
