빌드 시작: 2020-06-27 오전 11:18:31
     1>2 노드의 "C:\Users\Glen\Desktop\Temporary\Project\C++\New\mll\mll\mll.vcxproj" 프로젝트(Rebuild 대상)입니다.
     1>ClCompile:
         C:\Program Files (x86)\Microsoft Visual Studio 11.0\VC\bin\CL.exe /c /I..\mll /Z7 /nologo /W3 /WX- /sdl /Od /Oy- /D WIN32 /D _DEBUG /D _LIB /D _UNICODE /D UNICODE /Gm- /EHsc /RTC1 /MTd /GS /fp:precise /Zc:wchar_t /Zc:forScope /Yc"stdafx.h" /Fp"Debug-MTd\mll.pch" /Fo"Debug-MTd\\" /Fd"Debug-MTd\vc110.pdb" /Gd /TP /analyze- /errorReport:prompt stdafx.cpp
         stdafx.cpp
         C:\Program Files (x86)\Microsoft Visual Studio 11.0\VC\bin\CL.exe /c /I..\mll /Z7 /nologo /W3 /WX- /sdl /Od /Oy- /D WIN32 /D _DEBUG /D _LIB /D _UNICODE /D UNICODE /Gm- /EHsc /RTC1 /MTd /GS /fp:precise /Zc:wchar_t /Zc:forScope /Yu"stdafx.h" /Fp"Debug-MTd\mll.pch" /Fo"Debug-MTd\\" /Fd"Debug-MTd\vc110.pdb" /Gd /TP /analyze- /errorReport:prompt DistanceMeasure.cpp KNearestNeighbor.cpp Mllclassifier.cpp Mlldataset.cpp Mllutility.cpp
         DistanceMeasure.cpp
         KNearestNeighbor.cpp
         Mllclassifier.cpp
         Mlldataset.cpp
         Mllutility.cpp
         코드를 생성하고 있습니다...
       Lib:
         C:\Program Files (x86)\Microsoft Visual Studio 11.0\VC\bin\Lib.exe /OUT:"C:\Users\Glen\Desktop\Temporary\Project\C++\New\mll\Debug-MTd\mll.lib" nml.lib /LIBPATH:"..\Debug-MTd" /NOLOGO "Debug-MTd\DistanceMeasure.obj"
         "Debug-MTd\KNearestNeighbor.obj"
         "Debug-MTd\Mllclassifier.obj"
         "Debug-MTd\Mlldataset.obj"
         "Debug-MTd\Mllutility.obj"
         "Debug-MTd\stdafx.obj"
         Debug-MTd\stdafx.obj을(를) 바꾸고 있습니다.
         mll.vcxproj -> C:\Users\Glen\Desktop\Temporary\Project\C++\New\mll\Debug-MTd\mll.lib
     1>"C:\Users\Glen\Desktop\Temporary\Project\C++\New\mll\mll\mll.vcxproj" 프로젝트를 빌드했습니다(Rebuild 대상).

빌드했습니다.

경과 시간: 00:00:01.57
